make all --print-data-base --no-builtin-variables --no-builtin-rules --question
# GNU Make 3.81
# Copyright (C) 2006  Free Software Foundation, Inc.
# This is free software; see the source for copying conditions.
# There is NO warranty; not even for MERCHANTABILITY or FITNESS FOR A
# PARTICULAR PURPOSE.

# This program built for i386-apple-darwin11.3.0
 

# Make data base, printed on Tue Jun 28 13:49:26 2022

# Variables

# automatic
<D = $(patsubst %/,%,$(dir $<))
# automatic
?F = $(notdir $?)
# environment
VSCODE_LOG_NATIVE = false
# automatic
?D = $(patsubst %/,%,$(dir $?))
# automatic
@D = $(patsubst %/,%,$(dir $@))
# automatic
@F = $(notdir $@)
# makefile
CURDIR := /Users/ael-oual/Desktop/minishell_42_1337
# makefile
SHELL = /bin/sh
# environment
VSCODE_NLS_CONFIG = {"locale":"en-us","availableLanguages":{},"_languagePackSupport":true}
# environment
_ = /usr/bin/make
# makefile (from `Makefile', line 38)
CFLAGS = -Wall -Wextra -Werror 
# makefile (from `Makefile', line 1)
MAKEFILE_LIST :=  Makefile
# makefile (from `Makefile', line 3)
SRCS = minishell.c parsing/utils/minishell_utils.c parsing/utils/minishell_utils2.c parsing/utils/minishell_utils3.c parsing/utils/minishell_list_utils.c parsing/utils/minishell_list_utils2.c parsing/errors/minishell_erroring.c parsing/utils/splits/sosplit.c parsing/utils/splits/dosplit.c parsing/utils/splits/wildsplit.c parsing/utils/splits/splits_utils.c parsing/utils/parsing_utils.c parsing/utils/parsing_utils2.c parsing/parsing.c parsing/parsing_spaces/parsing_spaces.c parsing/parsing_spaces/parsing_spaces_utils.c parsing/parsing_wildcard/parsing_wildcard.c parsing/parsing_wildcard/parsing_wildcard_utils.c parsing/parsing_wildcard/parsing_wildcard_utils2.c parsing/parsing_quotes/parsing_quotes.c parsing/parsing_quotes/parsing_quotes_utils.c parsing/parsing_so/parsing_soperators.c parsing/parsing_so/parsing_soperators_utils.c parsing/env_variables/env_variables.c parsing/env_variables/env_variables_utils.c parsing/syntax_checking/parsing_syntax.c parsing/syntax_checking/check_pip/pip_syntax.c parsing/syntax_checking/check_qt/qt_syntax.c parsing/syntax_checking/check_qt/qt_syntax_utils.c parsing/syntax_checking/check_red/red_syntax.c 
# environment
VSCODE_VERBOSE_LOGGING = true
# makefile (from `Makefile', line 34)
OBJS = $(SRCS:.c=.o)
# environment
VSCODE_IPC_HOOK_EXTHOST = /var/folders/zz/zyxvpxvq6csfxvn_n0000jj00004c8/T/vscode-ipc-2f0db984-526e-4fba-bc2b-c7f55c7257ca.sock
# environment
VSCODE_CWD = /
# environment
Apple_PubSub_Socket_Render = /private/tmp/com.apple.launchd.YpS0hQOPHZ/Render
# environment
PATH = /goinfre/ael-oual//.brew/bin:/Users/ael-oual/goinfre/.brew/bin:/goinfre/ael-oual//.brew/bin:/usr/local/bin:/usr/bin:/bin:/usr/sbin:/sbin:/usr/local/munki
# environment
LSCOLORS = Gxfxcxdxbxegedabagacad
# environment
path_to = /goinfre/ael-oual/
# environment
VSCODE_LOG_STACK = false
# environment
ELECTRON_RUN_AS_NODE = 1
# default
.FEATURES := target-specific order-only second-expansion else-if archives jobserver check-symlink
# environment
SSH_AUTH_SOCK = /private/tmp/com.apple.launchd.Ke8rtbGokB/Listeners
# automatic
%F = $(notdir $%)
# environment
HOMEBREW_TEMP = /tmp/ael-oual/Homebrew/Temp
# environment
VSCODE_PIPE_LOGGING = true
# environment
PWD = /Users/ael-oual/Desktop/minishell_42_1337
# makefile (from `Makefile', line 36)
BOBJS = $(BSRCS:.c=.o)
# environment
ORIGINAL_XDG_CURRENT_DESKTOP = undefined
# environment
VSCODE_AMD_ENTRYPOINT = vs/workbench/api/node/extensionHostProcess
# environment
HOME = /Users/ael-oual
# default
MAKEFILEPATH := /Applications/Xcode.app/Contents/Developer/Makefiles
# environment
VSCODE_CODE_CACHE_PATH = /Users/ael-oual/Library/Application Support/Code/CachedData/4af164ea3a06f701fe3e89a2bcbb421d2026b68f
# environment
LOGNAME = ael-oual
# environment
APPLICATION_INSIGHTS_NO_DIAGNOSTIC_CHANNEL = 1
# environment
ZSH = /Users/ael-oual/.oh-my-zsh
# environment
VSCODE_HANDLES_UNCAUGHT_ERRORS = true
# automatic
^D = $(patsubst %/,%,$(dir $^))
# environment
XPC_FLAGS = 0x0
# default
MAKE = $(MAKE_COMMAND)
# default
MAKECMDGOALS := all
# environment
HOMEBREW_CACHE = /tmp/ael-oual/Homebrew/Caches
# environment
SHLVL = 1
# default
MAKE_VERSION := 3.81
# environment
USER = ael-oual
# makefile
.DEFAULT_GOAL := all
# makefile (from `Makefile', line 1)
NAME = minishell
# environment
LESS = -R
# automatic
%D = $(patsubst %/,%,$(dir $%))
# default
MAKE_COMMAND := /Applications/Xcode.app/Contents/Developer/usr/bin/make
# default
.VARIABLES := 
# environment
TMPDIR = /var/folders/zz/zyxvpxvq6csfxvn_n0000jj00004c8/T/
# automatic
*F = $(notdir $*)
# environment
VSCODE_IPC_HOOK = /Users/ael-oual/Library/Application Support/Code/1.68.0-main.sock
# makefile
MAKEFLAGS = Rrqp
# environment
MFLAGS = -Rrqp
# automatic
*D = $(patsubst %/,%,$(dir $*))
# environment
XPC_SERVICE_NAME = com.apple.xpc.launchd.oneshot.0x10000004.Electron
# automatic
+D = $(patsubst %/,%,$(dir $+))
# automatic
+F = $(notdir $+)
# environment
__CF_USER_TEXT_ENCODING = 0x1188:0x0:0x0
# environment
COMMAND_MODE = unix2003
# default
MAKEFILES := 
# automatic
<F = $(notdir $<)
# environment
PAGER = less
# environment
LC_ALL = C
# environment
SECURITYSESSIONID = 186a8
# automatic
^F = $(notdir $^)
# default
SUFFIXES := 
# default
.INCLUDE_DIRS = /usr/local/include
# environment
MAKELEVEL := 0
# environment
LANG = C
# environment
VSCODE_PID = 3750
# variable set hash-table stats:
# Load=75/1024=7%, Rehash=0, Collisions=6/103=6%

# Pattern-specific Variable Values

# No pattern-specific variable values.

# Directories

# . (device 16777227, inode 5066227): 13 files, no impossibilities.

# 13 files, no impossibilities in 1 directories.

# Implicit Rules

# No implicit rules.

# Files

# Not a target:
parsing/utils/splits/sosplit.o:
#  Implicit rule search has been done.
#  Last modified 2022-06-28 12:31:06
#  File has been updated.
#  Successfully updated.
# variable set hash-table stats:
# Load=0/32=0%, Rehash=0, Collisions=0/0=0%

# Not a target:
parsing/utils/minishell_list_utils2.o:
#  Implicit rule search has been done.
#  Last modified 2022-06-28 12:31:05
#  File has been updated.
#  Successfully updated.
# variable set hash-table stats:
# Load=0/32=0%, Rehash=0, Collisions=0/0=0%

# Not a target:
parsing/syntax_checking/check_qt/qt_syntax.o:
#  Implicit rule search has been done.
#  Last modified 2022-06-28 12:31:07
#  File has been updated.
#  Successfully updated.
# variable set hash-table stats:
# Load=0/32=0%, Rehash=0, Collisions=0/0=0%

all: minishell
#  Phony target (prerequisite of .PHONY).
#  Command-line target.
#  Implicit rule search has not been done.
#  File does not exist.
#  File has been updated.
#  Successfully updated.
# variable set hash-table stats:
# Load=0/32=0%, Rehash=0, Collisions=0/0=0%

# Not a target:
parsing/syntax_checking/check_red/red_syntax.o:
#  Implicit rule search has been done.
#  Last modified 2022-06-28 12:31:07
#  File has been updated.
#  Successfully updated.
# variable set hash-table stats:
# Load=0/32=0%, Rehash=0, Collisions=0/0=0%

# Not a target:
parsing/env_variables/env_variables.o:
#  Implicit rule search has been done.
#  Last modified 2022-06-28 12:31:06
#  File has been updated.
#  Successfully updated.
# variable set hash-table stats:
# Load=0/32=0%, Rehash=0, Collisions=0/0=0%

.PHONY: all clean fclean re
#  Implicit rule search has not been done.
#  Modification time never checked.
#  File has not been updated.

# Not a target:
parsing/parsing_quotes/parsing_quotes.o:
#  Implicit rule search has been done.
#  Last modified 2022-06-28 12:31:06
#  File has been updated.
#  Successfully updated.
# variable set hash-table stats:
# Load=0/32=0%, Rehash=0, Collisions=0/0=0%

# Not a target:
.SUFFIXES:
#  Implicit rule search has not been done.
#  Modification time never checked.
#  File has not been updated.

# Not a target:
Makefile:
#  Implicit rule search has been done.
#  Last modified 2022-06-27 14:25:27
#  File has been updated.
#  Successfully updated.
# variable set hash-table stats:
# Load=0/32=0%, Rehash=0, Collisions=0/0=0%

# Not a target:
parsing/utils/splits/dosplit.o:
#  Implicit rule search has been done.
#  Last modified 2022-06-28 12:31:06
#  File has been updated.
#  Successfully updated.
# variable set hash-table stats:
# Load=0/32=0%, Rehash=0, Collisions=0/0=0%

# Not a target:
parsing/utils/minishell_utils2.o:
#  Implicit rule search has been done.
#  Last modified 2022-06-28 12:31:05
#  File has been updated.
#  Successfully updated.
# variable set hash-table stats:
 
# Load=0/32=0%, Rehash=0, Collisions=0/0=0%

# Not a target:
parsing/utils/parsing_utils.o:
#  Implicit rule search has been done.
#  Last modified 2022-06-28 12:31:06
#  File has been updated.
#  Successfully updated.
# variable set hash-table stats:
# Load=0/32=0%, Rehash=0, Collisions=0/0=0%

minishell: minishell.o parsing/utils/minishell_utils.o parsing/utils/minishell_utils2.o parsing/utils/minishell_utils3.o parsing/utils/minishell_list_utils.o parsing/utils/minishell_list_utils2.o parsing/errors/minishell_erroring.o parsing/utils/splits/sosplit.o parsing/utils/splits/dosplit.o parsing/utils/splits/wildsplit.o parsing/utils/splits/splits_utils.o parsing/utils/parsing_utils.o parsing/utils/parsing_utils2.o parsing/parsing.o parsing/parsing_spaces/parsing_spaces.o parsing/parsing_spaces/parsing_spaces_utils.o parsing/parsing_wildcard/parsing_wildcard.o parsing/parsing_wildcard/parsing_wildcard_utils.o parsing/parsing_wildcard/parsing_wildcard_utils2.o parsing/parsing_quotes/parsing_quotes.o parsing/parsing_quotes/parsing_quotes_utils.o parsing/parsing_so/parsing_soperators.o parsing/parsing_so/parsing_soperators_utils.o parsing/env_variables/env_variables.o parsing/env_variables/env_variables_utils.o parsing/syntax_checking/parsing_syntax.o parsing/syntax_checking/check_pip/pip_syntax.o parsing/syntax_checking/check_qt/qt_syntax.o parsing/syntax_checking/check_qt/qt_syntax_utils.o parsing/syntax_checking/check_red/red_syntax.o
#  Implicit rule search has not been done.
#  Last modified 2022-06-28 13:03:56
#  File has been updated.
#  Successfully updated.
# variable set hash-table stats:
# Load=0/32=0%, Rehash=0, Collisions=0/0=0%
#  commands to execute (from `Makefile', line 43):
	cd aeea_p ; make
	cc $(CFLAGS) $(OBJS) aeea_p/minishell.a -lreadline -L/goinfre/$(USER)/.brew/opt/readline/lib -I/goinfre/$(USER)/.brew/opt/readline/include -o $(NAME)
	

# Not a target:
minishell.o:
#  Implicit rule search has been done.
#  Last modified 2022-06-28 12:31:05
#  File has been updated.
#  Successfully updated.
# variable set hash-table stats:
# Load=0/32=0%, Rehash=0, Collisions=0/0=0%

# Not a target:
parsing/parsing_wildcard/parsing_wildcard_utils.o:
#  Implicit rule search has been done.
#  Last modified 2022-06-28 12:31:06
#  File has been updated.
#  Successfully updated.
# variable set hash-table stats:
# Load=0/32=0%, Rehash=0, Collisions=0/0=0%

fclean: clean
#  Phony target (prerequisite of .PHONY).
#  Implicit rule search has not been done.
#  File does not exist.
#  File has not been updated.
#  commands to execute (from `Makefile', line 50):
	cd aeea_p ; rm minishell.a ;make clean
	rm -f $(NAME)
	

# Not a target:
parsing/parsing_spaces/parsing_spaces_utils.o:
#  Implicit rule search has been done.
#  Last modified 2022-06-28 12:31:06
#  File has been updated.
#  Successfully updated.
# variable set hash-table stats:
# Load=0/32=0%, Rehash=0, Collisions=0/0=0%

# Not a target:
parsing/utils/minishell_list_utils.o:
#  Implicit rule search has been done.
#  Last modified 2022-06-28 12:31:05
#  File has been updated.
#  Successfully updated.
# variable set hash-table stats:
# Load=0/32=0%, Rehash=0, Collisions=0/0=0%

# Not a target:
.DEFAULT:
#  Implicit rule search has not been done.
#  Modification time never checked.
#  File has not been updated.

# Not a target:
parsing/parsing_so/parsing_soperators_utils.o:
#  Implicit rule search has been done.
#  Last modified 2022-06-28 12:31:06
#  File has been updated.
#  Successfully updated.
# variable set hash-table stats:
# Load=0/32=0%, Rehash=0, Collisions=0/0=0%

# Not a target:
parsing/utils/splits/wildsplit.o:
#  Implicit rule search has been done.
#  Last modified 2022-06-28 12:31:06
#  File has been updated.
#  Successfully updated.
# variable set hash-table stats:
# Load=0/32=0%, Rehash=0, Collisions=0/0=0%

# Not a target:
parsing/syntax_checking/check_pip/pip_syntax.o:
#  Implicit rule search has been done.
#  Last modified 2022-06-28 12:31:07
#  File has been updated.
#  Successfully updated.
# variable set hash-table stats:
# Load=0/32=0%, Rehash=0, Collisions=0/0=0%

# Not a target:
parsing/parsing.o:
#  Implicit rule search has been done.
#  Last modified 2022-06-28 12:31:06
#  File has been updated.
#  Successfully updated.
# variable set hash-table stats:
# Load=0/32=0%, Rehash=0, Collisions=0/0=0%

re: fclean all
#  Phony target (prerequisite of .PHONY).
#  Implicit rule search has not been done.
#  File does not exist.
#  File has not been updated.

clean:
#  Phony target (prerequisite of .PHONY).
#  Implicit rule search has not been done.
#  File does not exist.
#  File has not been updated.
#  commands to execute (from `Makefile', line 46):
	cd aeea_p ; rm minishell.a ;make clean
	rm -f $(OBJS)
	

# Not a target:
parsing/utils/splits/splits_utils.o:
#  Implicit rule search has been done.
#  Last modified 2022-06-28 12:31:06
#  File has been updated.
#  Successfully updated.
# variable set hash-table stats:
# Load=0/32=0%, Rehash=0, Collisions=0/0=0%

# Not a target:
parsing/syntax_checking/check_qt/qt_syntax_utils.o:
#  Implicit rule search has been done.
#  Last modified 2022-06-28 12:31:07
#  File has been updated.
#  Successfully updated.
# variable set hash-table stats:
# Load=0/32=0%, Rehash=0, Collisions=0/0=0%

# Not a target:
parsing/env_variables/env_variables_utils.o:
#  Implicit rule search has been done.
#  Last modified 2022-06-28 12:31:06
#  File has been updated.
#  Successfully updated.
# variable set hash-table stats:
# Load=0/32=0%, Rehash=0, Collisions=0/0=0%

# Not a target:
parsing/parsing_quotes/parsing_quotes_utils.o:
#  Implicit rule search has been done.
#  Last modified 2022-06-28 12:31:06
#  File has been updated.
#  Successfully updated.
# variable set hash-table stats:
# Load=0/32=0%, Rehash=0, Collisions=0/0=0%

# Not a target:
parsing/errors/minishell_erroring.o:
#  Implicit rule search has been done.
#  Last modified 2022-06-28 12:31:06
#  File has been updated.
#  Successfully updated.
# variable set hash-table stats:
# Load=0/32=0%, Rehash=0, Collisions=0/0=0%

# Not a target:
parsing/parsing_wildcard/parsing_wildcard.o:
#  Implicit rule search has been done.
#  Last modified 2022-06-28 12:31:06
#  File has been updated.
#  Successfully updated.
# variable set hash-table stats:
# Load=0/32=0%, Rehash=0, Collisions=0/0=0%

# Not a target:
parsing/parsing_spaces/parsing_spaces.o:
#  Implicit rule search has been done.
#  Last modified 2022-06-28 12:31:06
#  File has been updated.
#  Successfully updated.
# variable set hash-table stats:
# Load=0/32=0%, Rehash=0, Collisions=0/0=0%

# Not a target:
parsing/utils/minishell_utils3.o:
#  Implicit rule search has been done.
#  Last modified 2022-06-28 12:31:05
#  File has been updated.
#  Successfully updated.
# variable set hash-table stats:
# Load=0/32=0%, Rehash=0, Collisions=0/0=0%

# Not a target:
parsing/utils/parsing_utils2.o:
#  Implicit rule search has been done.
#  Last modified 2022-06-28 12:31:06
#  File has been updated.
#  Successfully updated.
# variable set hash-table stats:
# Load=0/32=0%, Rehash=0, Collisions=0/0=0%

# Not a target:
parsing/parsing_wildcard/parsing_wildcard_utils2.o:
#  Implicit rule search has been done.
#  Last modified 2022-06-28 12:31:06
#  File has been updated.
#  Successfully updated.
# variable set hash-table stats:
# Load=0/32=0%, Rehash=0, Collisions=0/0=0%

# Not a target:
parsing/syntax_checking/parsing_syntax.o:
#  Implicit rule search has been done.
#  Last modified 2022-06-28 12:31:07
#  File has been updated.
#  Successfully updated.
# variable set hash-table stats:
# Load=0/32=0%, Rehash=0, Collisions=0/0=0%

# Not a target:
parsing/utils/minishell_utils.o:
#  Implicit rule search has been done.
#  Last modified 2022-06-28 12:31:05
#  File has been updated.
#  Successfully updated.
# variable set hash-table stats:
# Load=0/32=0%, Rehash=0, Collisions=0/0=0%

# Not a target:
parsing/parsing_so/parsing_soperators.o:
#  Implicit rule search has been done.
#  Last modified 2022-06-28 12:31:06
#  File has been updated.
#  Successfully updated.
# variable set hash-table stats:
# Load=0/32=0%, Rehash=0, Collisions=0/0=0%

 
# files hash-table stats:
# Load=39/1024=4%, Rehash=0, Collisions=0/90=0%
# VPATH Search Paths

# No `vpath' search paths.

# No general (`VPATH' variable) search path.

# # of strings in strcache: 1
# # of strcache buffers: 1
# strcache size: total = 4096 / max = 4096 / min = 4096 / avg = 4096
# strcache free: total = 4087 / max = 4087 / min = 4087 / avg = 4087

# Finished Make data base on Tue Jun 28 13:49:26 2022

 
